g:\programmıng\chordrecognıtıon\chordrecognıtıon\chordrecognıtıon\release\vc120.pdb
g:\programmıng\chordrecognıtıon\chordrecognıtıon\chordrecognıtıon\release\maın.obj
g:\programmıng\chordrecognıtıon\chordrecognıtıon\chordrecognıtıon\release\dft.obj
g:\programmıng\chordrecognıtıon\chordrecognıtıon\chordrecognıtıon\release\complex.obj
g:\programmıng\chordrecognıtıon\chordrecognıtıon\chordrecognıtıon\release\globals.obj
g:\programmıng\chordrecognıtıon\chordrecognıtıon\chordrecognıtıon\release\wındowsapp.obj
g:\programmıng\chordrecognıtıon\chordrecognıtıon\chordrecognıtıon\release\audıomanager.obj
g:\programmıng\chordrecognıtıon\chordrecognıtıon\chordrecognıtıon\release\maınapp.obj
g:\programmıng\chordrecognıtıon\chordrecognıtıon\chordrecognıtıon\release\chromagram.obj
g:\programming\chordrecognition\chordrecognition\chordrecognition\release\audiomanager.obj
g:\programming\chordrecognition\chordrecognition\chordrecognition\release\chromagram.obj
g:\programming\chordrecognition\chordrecognition\chordrecognition\release\complex.obj
g:\programming\chordrecognition\chordrecognition\chordrecognition\release\dft.obj
g:\programming\chordrecognition\chordrecognition\chordrecognition\release\globals.obj
g:\programming\chordrecognition\chordrecognition\chordrecognition\release\main.obj
g:\programming\chordrecognition\chordrecognition\chordrecognition\release\mainapp.obj
g:\programming\chordrecognition\chordrecognition\chordrecognition\release\windowsapp.obj
g:\programming\chordrecognition\chordrecognition\chordrecognition\release\vc120.pdb
g:\programming\chordrecognition\chordrecognition\release\chordrecognition.pdb
g:\programming\chordrecognition\chordrecognition\release\chordrecognition.exe
g:\programming\chordrecognition\chordrecognition\chordrecognition\release\chordrecognition.tlog\cl.command.1.tlog
g:\programming\chordrecognition\chordrecognition\chordrecognition\release\chordrecognition.tlog\cl.read.1.tlog
g:\programming\chordrecognition\chordrecognition\chordrecognition\release\chordrecognition.tlog\cl.write.1.tlog
g:\programming\chordrecognition\chordrecognition\chordrecognition\release\chordrecognition.tlog\link.command.1.tlog
g:\programming\chordrecognition\chordrecognition\chordrecognition\release\chordrecognition.tlog\link.read.1.tlog
g:\programming\chordrecognition\chordrecognition\chordrecognition\release\chordrecognition.tlog\link.write.1.tlog
